<?xml version="1.0" encoding="UTF-8"?>
<testsuite name="safira.ExemploSpec" tests="24" skipped="0" failures="0" errors="0" timestamp="2019-11-13T02:17:58" hostname="Brunos-MacBook-Pro.local" time="23.242">
  <properties/>
  <testcase name="país - criar" classname="safira.ExemploSpec" time="21.04"/>
  <testcase name="estado - criar" classname="safira.ExemploSpec" time="0.178"/>
  <testcase name="municipio - criar" classname="safira.ExemploSpec" time="0.121"/>
  <testcase name="endereco - criar" classname="safira.ExemploSpec" time="0.139"/>
  <testcase name="empresa - criar" classname="safira.ExemploSpec" time="0.118"/>
  <testcase name="centros de custo - criar" classname="safira.ExemploSpec" time="0.113"/>
  <testcase name="centros de custo - ler 1" classname="safira.ExemploSpec" time="0.099"/>
  <testcase name="forma de pagamento - criar" classname="safira.ExemploSpec" time="0.1"/>
  <testcase name="forma de pagamento - garantir 1 controle cheque" classname="safira.ExemploSpec" time="0.118"/>
  <testcase name="grupo - criar" classname="safira.ExemploSpec" time="0.074"/>
  <testcase name="grupo parceiro negocios - criar" classname="safira.ExemploSpec" time="0.092"/>
  <testcase name="grupo tributacao - criar" classname="safira.ExemploSpec" time="0.085"/>
  <testcase name="prazo pagamento - criar" classname="safira.ExemploSpec" time="0.074"/>
  <testcase name="item prazo pagamento - criar" classname="safira.ExemploSpec" time="0.103"/>
  <testcase name="item prazo pagamento - tem pai" classname="safira.ExemploSpec" time="0.096"/>
  <testcase name="subgrupo - criar" classname="safira.ExemploSpec" time="0.101"/>
  <testcase name="subgrupo - tem pai" classname="safira.ExemploSpec" time="0.075"/>
  <testcase name="subgrupo parceiro negocios - criar" classname="safira.ExemploSpec" time="0.07"/>
  <testcase name="subgrupo parceiro negocios - tem pai" classname="safira.ExemploSpec" time="0.076"/>
  <testcase name="setor - criar" classname="safira.ExemploSpec" time="0.065"/>
  <testcase name="tabela de preços - criar" classname="safira.ExemploSpec" time="0.063"/>
  <testcase name="tipos de documento - criar" classname="safira.ExemploSpec" time="0.093"/>
  <testcase name="parceiros de negócios - criar" classname="safira.ExemploSpec" time="0.076"/>
  <testcase name="parceiros de negócios - validações" classname="safira.ExemploSpec" time="0.07"/>
  <system-out><![CDATA[00:17:56,219 |-INFO in ch.qos.logback.classic.LoggerContext[default] - Could NOT find resource [logback-test.xml]
00:17:56,219 |-INFO in ch.qos.logback.classic.LoggerContext[default] - Found resource [logback.groovy] at [file:/Users/brunorafante/dev/grails/safira_api/build/resources/integrationTest/logback.groovy]
00:17:56,221 |-WARN in ch.qos.logback.classic.LoggerContext[default] - Resource [logback.groovy] occurs multiple times on the classpath.
00:17:56,221 |-WARN in ch.qos.logback.classic.LoggerContext[default] - Resource [logback.groovy] occurs at [file:/Users/brunorafante/dev/grails/safira_api/build/resources/main/logback.groovy]
00:17:56,221 |-WARN in ch.qos.logback.classic.LoggerContext[default] - Resource [logback.groovy] occurs at [file:/Users/brunorafante/dev/grails/safira_api/build/resources/integrationTest/logback.groovy]
00:17:57,469 |-INFO in ch.qos.logback.classic.gaffer.ConfigurationDelegate@660fdbf9 - registering conversion word clr with class [org.springframework.boot.logging.logback.ColorConverter]
00:17:57,481 |-INFO in ch.qos.logback.classic.gaffer.ConfigurationDelegate@660fdbf9 - registering conversion word wex with class [org.springframework.boot.logging.logback.WhitespaceThrowableProxyConverter]
00:17:57,491 |-INFO in ch.qos.logback.classic.gaffer.ConfigurationDelegate@660fdbf9 - About to instantiate appender of type [ch.qos.logback.core.ConsoleAppender]
00:17:57,500 |-INFO in ch.qos.logback.classic.gaffer.ConfigurationDelegate@660fdbf9 - Naming appender as [STDOUT]
00:17:57,695 |-INFO in ch.qos.logback.classic.gaffer.ConfigurationDelegate@660fdbf9 - Setting level of logger [ROOT] to ERROR
00:17:57,707 |-INFO in ch.qos.logback.classic.gaffer.ConfigurationDelegate@660fdbf9 - Attaching appender named [STDOUT] to Logger[ROOT]

Grails application running at http://localhost:60130 in environment: test
]]></system-out>
  <system-err><![CDATA[]]></system-err>
</testsuite>
