<?xml version="1.0" encoding="UTF-8"?>
<testsuite name="br.com.eliteconsult.cadastros.MunicipioControllerSpec" tests="11" skipped="0" failures="6" errors="0" timestamp="2019-11-12T03:14:11" hostname="Brunos-MacBook-Pro.local" time="0.859">
  <properties/>
  <testcase name="Test the index action returns the correct response" classname="br.com.eliteconsult.cadastros.MunicipioControllerSpec" time="0.304"/>
  <testcase name="Test the save action with a null instance" classname="br.com.eliteconsult.cadastros.MunicipioControllerSpec" time="0.265">
    <failure message="grails.views.ViewException: Error rendering view: null" type="grails.views.ViewException">grails.views.ViewException: Error rendering view: null
	at grails.views.AbstractWritableScript.writeTo(AbstractWritableScript.groovy:46)
	at grails.views.mvc.GenericGroovyTemplateView.renderMergedOutputModel(GenericGroovyTemplateView.groovy:73)
	at org.springframework.web.servlet.view.AbstractView.render(AbstractView.java:316)
	at grails.plugin.json.renderer.AbstractJsonViewContainerRenderer.render(AbstractJsonViewContainerRenderer.groovy:52)
	at grails.artefact.controller.RestResponder$Trait$Helper.internalRespond(RestResponder.groovy:192)
	at grails.artefact.controller.RestResponder$Trait$Helper.respond(RestResponder.groovy:98)
	at br.com.eliteconsult.cadastros.MunicipioController.$tt__save(MunicipioController.groovy:38)
	at java.base/jdk.internal.reflect.NativeMethodAccessorImpl.invoke(NativeMethodAccessorImpl.java:62)
	at java.base/jdk.internal.reflect.DelegatingMethodAccessorImpl.invoke(DelegatingMethodAccessorImpl.java:43)
	at br.com.eliteconsult.cadastros.MunicipioController.save_closure1(MunicipioController.groovy)
	at java.base/jdk.internal.reflect.NativeMethodAccessorImpl.invoke(NativeMethodAccessorImpl.java:62)
	at java.base/jdk.internal.reflect.DelegatingMethodAccessorImpl.invoke(DelegatingMethodAccessorImpl.java:43)
	at groovy.lang.Closure.call(Closure.java:405)
	at groovy.lang.Closure.call(Closure.java:421)
	at grails.gorm.transactions.GrailsTransactionTemplate$2.doInTransaction(GrailsTransactionTemplate.groovy:94)
	at org.springframework.transaction.support.TransactionTemplate.execute(TransactionTemplate.java:140)
	at grails.gorm.transactions.GrailsTransactionTemplate.execute(GrailsTransactionTemplate.groovy:91)
	at java.base/jdk.internal.reflect.NativeMethodAccessorImpl.invoke(NativeMethodAccessorImpl.java:62)
	at java.base/jdk.internal.reflect.DelegatingMethodAccessorImpl.invoke(DelegatingMethodAccessorImpl.java:43)
	at br.com.eliteconsult.cadastros.MunicipioController.save_closure6(MunicipioController.groovy)
	at java.base/jdk.internal.reflect.NativeMethodAccessorImpl.invoke(NativeMethodAccessorImpl.java:62)
	at java.base/jdk.internal.reflect.DelegatingMethodAccessorImpl.invoke(DelegatingMethodAccessorImpl.java:43)
	at groovy.lang.Closure.call(Closure.java:405)
	at groovy.lang.Closure.call(Closure.java:421)
	at grails.gorm.transactions.GrailsTransactionTemplate$2.doInTransaction(GrailsTransactionTemplate.groovy:94)
	at org.springframework.transaction.support.TransactionTemplate.execute(TransactionTemplate.java:140)
	at grails.gorm.transactions.GrailsTransactionTemplate.execute(GrailsTransactionTemplate.groovy:91)
	at java.base/jdk.internal.reflect.NativeMethodAccessorImpl.invoke(NativeMethodAccessorImpl.java:62)
	at java.base/jdk.internal.reflect.DelegatingMethodAccessorImpl.invoke(DelegatingMethodAccessorImpl.java:43)
	at org.grails.testing.runtime.support.ActionSettingMethodHandler.invoke(ActionSettingMethodHandler.groovy:29)
	at br.com.eliteconsult.cadastros.MunicipioControllerSpec.Test the save action with a null instance(MunicipioControllerSpec.groovy:42)
Caused by: java.lang.NullPointerException
	at grails.views.api.internal.DefaultGrailsViewHelper.link(DefaultGrailsViewHelper.groovy:40)
	at safira_api_errors__errors_gson.run_closure1(safira_api_errors__errors_gson:16)
	at grails.plugin.json.builder.StreamingJsonBuilder$StreamingJsonDelegate.cloneDelegateAndGetContent(StreamingJsonBuilder.java:793)
	at grails.plugin.json.builder.StreamingJsonBuilder$StreamingJsonDelegate.access$000(StreamingJsonBuilder.java:478)
	at grails.plugin.json.builder.StreamingJsonBuilder.call(StreamingJsonBuilder.java:238)
	at grails.plugin.json.view.JsonViewWritableScript.json(JsonViewWritableScript.groovy:72)
	at safira_api_errors__errors_gson.run(safira_api_errors__errors_gson:12)
	at grails.plugin.json.view.JsonViewWritableScript.doWrite(JsonViewWritableScript.groovy:27)
	at grails.views.AbstractWritableScript.writeTo(AbstractWritableScript.groovy:40)
	... 30 more
</failure>
  </testcase>
  <testcase name="Test the save action correctly persists" classname="br.com.eliteconsult.cadastros.MunicipioControllerSpec" time="0.023">
    <failure message="Condition not satisfied:&#10;&#10;false&#10;&#10;TODO: Provide a populateValidParams() implementation for this generated test suite&#10;" type="org.spockframework.runtime.ConditionNotSatisfiedError">Condition not satisfied:

false

TODO: Provide a populateValidParams() implementation for this generated test suite

	at br.com.eliteconsult.cadastros.MunicipioControllerSpec.populateValidParams(MunicipioControllerSpec.groovy:20)
	at br.com.eliteconsult.cadastros.MunicipioControllerSpec.Test the save action correctly persists(MunicipioControllerSpec.groovy:58)
</failure>
  </testcase>
  <testcase name="Test the save action with an invalid instance" classname="br.com.eliteconsult.cadastros.MunicipioControllerSpec" time="0.022">
    <failure message="Condition not satisfied:&#10;&#10;false&#10;&#10;TODO: Provide a populateValidParams() implementation for this generated test suite&#10;" type="org.spockframework.runtime.ConditionNotSatisfiedError">Condition not satisfied:

false

TODO: Provide a populateValidParams() implementation for this generated test suite

	at br.com.eliteconsult.cadastros.MunicipioControllerSpec.populateValidParams(MunicipioControllerSpec.groovy:20)
	at br.com.eliteconsult.cadastros.MunicipioControllerSpec.Test the save action with an invalid instance(MunicipioControllerSpec.groovy:78)
</failure>
  </testcase>
  <testcase name="Test the show action with a null id" classname="br.com.eliteconsult.cadastros.MunicipioControllerSpec" time="0.02"/>
  <testcase name="Test the show action with a valid id" classname="br.com.eliteconsult.cadastros.MunicipioControllerSpec" time="0.142"/>
  <testcase name="Test the update action with a null instance" classname="br.com.eliteconsult.cadastros.MunicipioControllerSpec" time="0.016">
    <failure message="grails.views.ViewException: Error rendering view: null" type="grails.views.ViewException">grails.views.ViewException: Error rendering view: null
	at grails.views.AbstractWritableScript.writeTo(AbstractWritableScript.groovy:46)
	at grails.views.mvc.GenericGroovyTemplateView.renderMergedOutputModel(GenericGroovyTemplateView.groovy:73)
	at org.springframework.web.servlet.view.AbstractView.render(AbstractView.java:316)
	at grails.plugin.json.renderer.AbstractJsonViewContainerRenderer.render(AbstractJsonViewContainerRenderer.groovy:52)
	at grails.artefact.controller.RestResponder$Trait$Helper.internalRespond(RestResponder.groovy:192)
	at grails.artefact.controller.RestResponder$Trait$Helper.respond(RestResponder.groovy:98)
	at br.com.eliteconsult.cadastros.MunicipioController.$tt__update(MunicipioController.groovy:60)
	at java.base/jdk.internal.reflect.NativeMethodAccessorImpl.invoke(NativeMethodAccessorImpl.java:62)
	at java.base/jdk.internal.reflect.DelegatingMethodAccessorImpl.invoke(DelegatingMethodAccessorImpl.java:43)
	at br.com.eliteconsult.cadastros.MunicipioController.update_closure2(MunicipioController.groovy)
	at java.base/jdk.internal.reflect.NativeMethodAccessorImpl.invoke(NativeMethodAccessorImpl.java:62)
	at java.base/jdk.internal.reflect.DelegatingMethodAccessorImpl.invoke(DelegatingMethodAccessorImpl.java:43)
	at groovy.lang.Closure.call(Closure.java:405)
	at groovy.lang.Closure.call(Closure.java:421)
	at grails.gorm.transactions.GrailsTransactionTemplate$2.doInTransaction(GrailsTransactionTemplate.groovy:94)
	at org.springframework.transaction.support.TransactionTemplate.execute(TransactionTemplate.java:140)
	at grails.gorm.transactions.GrailsTransactionTemplate.execute(GrailsTransactionTemplate.groovy:91)
	at java.base/jdk.internal.reflect.NativeMethodAccessorImpl.invoke(NativeMethodAccessorImpl.java:62)
	at java.base/jdk.internal.reflect.DelegatingMethodAccessorImpl.invoke(DelegatingMethodAccessorImpl.java:43)
	at br.com.eliteconsult.cadastros.MunicipioController.update_closure7(MunicipioController.groovy)
	at java.base/jdk.internal.reflect.NativeMethodAccessorImpl.invoke(NativeMethodAccessorImpl.java:62)
	at java.base/jdk.internal.reflect.DelegatingMethodAccessorImpl.invoke(DelegatingMethodAccessorImpl.java:43)
	at groovy.lang.Closure.call(Closure.java:405)
	at groovy.lang.Closure.call(Closure.java:421)
	at grails.gorm.transactions.GrailsTransactionTemplate$2.doInTransaction(GrailsTransactionTemplate.groovy:94)
	at org.springframework.transaction.support.TransactionTemplate.execute(TransactionTemplate.java:140)
	at grails.gorm.transactions.GrailsTransactionTemplate.execute(GrailsTransactionTemplate.groovy:91)
	at java.base/jdk.internal.reflect.NativeMethodAccessorImpl.invoke(NativeMethodAccessorImpl.java:62)
	at java.base/jdk.internal.reflect.DelegatingMethodAccessorImpl.invoke(DelegatingMethodAccessorImpl.java:43)
	at org.grails.testing.runtime.support.ActionSettingMethodHandler.invoke(ActionSettingMethodHandler.groovy:29)
	at br.com.eliteconsult.cadastros.MunicipioControllerSpec.Test the update action with a null instance(MunicipioControllerSpec.groovy:119)
Caused by: java.lang.NullPointerException
	at grails.views.api.internal.DefaultGrailsViewHelper.link(DefaultGrailsViewHelper.groovy:40)
	at safira_api_errors__errors_gson.run_closure1(safira_api_errors__errors_gson:16)
	at grails.plugin.json.builder.StreamingJsonBuilder$StreamingJsonDelegate.cloneDelegateAndGetContent(StreamingJsonBuilder.java:793)
	at grails.plugin.json.builder.StreamingJsonBuilder$StreamingJsonDelegate.access$000(StreamingJsonBuilder.java:478)
	at grails.plugin.json.builder.StreamingJsonBuilder.call(StreamingJsonBuilder.java:238)
	at grails.plugin.json.view.JsonViewWritableScript.json(JsonViewWritableScript.groovy:72)
	at safira_api_errors__errors_gson.run(safira_api_errors__errors_gson:12)
	at grails.plugin.json.view.JsonViewWritableScript.doWrite(JsonViewWritableScript.groovy:27)
	at grails.views.AbstractWritableScript.writeTo(AbstractWritableScript.groovy:40)
	... 30 more
</failure>
  </testcase>
  <testcase name="Test the update action correctly persists" classname="br.com.eliteconsult.cadastros.MunicipioControllerSpec" time="0.014">
    <failure message="Condition not satisfied:&#10;&#10;false&#10;&#10;TODO: Provide a populateValidParams() implementation for this generated test suite&#10;" type="org.spockframework.runtime.ConditionNotSatisfiedError">Condition not satisfied:

false

TODO: Provide a populateValidParams() implementation for this generated test suite

	at br.com.eliteconsult.cadastros.MunicipioControllerSpec.populateValidParams(MunicipioControllerSpec.groovy:20)
	at br.com.eliteconsult.cadastros.MunicipioControllerSpec.Test the update action correctly persists(MunicipioControllerSpec.groovy:135)
</failure>
  </testcase>
  <testcase name="Test the update action with an invalid instance" classname="br.com.eliteconsult.cadastros.MunicipioControllerSpec" time="0.022">
    <failure message="grails.views.ViewException: Error rendering view: null" type="grails.views.ViewException">grails.views.ViewException: Error rendering view: null
	at grails.views.AbstractWritableScript.writeTo(AbstractWritableScript.groovy:46)
	at grails.views.mvc.GenericGroovyTemplateView.renderMergedOutputModel(GenericGroovyTemplateView.groovy:73)
	at org.springframework.web.servlet.view.AbstractView.render(AbstractView.java:316)
	at grails.plugin.json.renderer.AbstractJsonViewContainerRenderer.render(AbstractJsonViewContainerRenderer.groovy:52)
	at grails.artefact.controller.RestResponder$Trait$Helper.internalRespond(RestResponder.groovy:192)
	at grails.artefact.controller.RestResponder$Trait$Helper.respond(RestResponder.groovy:98)
	at br.com.eliteconsult.cadastros.MunicipioController.$tt__update(MunicipioController.groovy:67)
	at java.base/jdk.internal.reflect.NativeMethodAccessorImpl.invoke(NativeMethodAccessorImpl.java:62)
	at java.base/jdk.internal.reflect.DelegatingMethodAccessorImpl.invoke(DelegatingMethodAccessorImpl.java:43)
	at br.com.eliteconsult.cadastros.MunicipioController.update_closure2(MunicipioController.groovy)
	at java.base/jdk.internal.reflect.NativeMethodAccessorImpl.invoke(NativeMethodAccessorImpl.java:62)
	at java.base/jdk.internal.reflect.DelegatingMethodAccessorImpl.invoke(DelegatingMethodAccessorImpl.java:43)
	at groovy.lang.Closure.call(Closure.java:405)
	at groovy.lang.Closure.call(Closure.java:421)
	at grails.gorm.transactions.GrailsTransactionTemplate$2.doInTransaction(GrailsTransactionTemplate.groovy:94)
	at org.springframework.transaction.support.TransactionTemplate.execute(TransactionTemplate.java:140)
	at grails.gorm.transactions.GrailsTransactionTemplate.execute(GrailsTransactionTemplate.groovy:91)
	at java.base/jdk.internal.reflect.NativeMethodAccessorImpl.invoke(NativeMethodAccessorImpl.java:62)
	at java.base/jdk.internal.reflect.DelegatingMethodAccessorImpl.invoke(DelegatingMethodAccessorImpl.java:43)
	at org.grails.testing.runtime.support.ActionSettingMethodHandler.invoke(ActionSettingMethodHandler.groovy:29)
	at br.com.eliteconsult.cadastros.MunicipioControllerSpec.Test the update action with an invalid instance(MunicipioControllerSpec.groovy:160)
Caused by: java.lang.NullPointerException
	at grails.views.api.internal.DefaultGrailsViewHelper.link(DefaultGrailsViewHelper.groovy:40)
	at safira_api_errors__errors_gson.run_closure1(safira_api_errors__errors_gson:16)
	at grails.plugin.json.builder.StreamingJsonBuilder$StreamingJsonDelegate.cloneDelegateAndGetContent(StreamingJsonBuilder.java:793)
	at grails.plugin.json.builder.StreamingJsonBuilder$StreamingJsonDelegate.access$000(StreamingJsonBuilder.java:478)
	at grails.plugin.json.builder.StreamingJsonBuilder.call(StreamingJsonBuilder.java:238)
	at grails.plugin.json.view.JsonViewWritableScript.json(JsonViewWritableScript.groovy:72)
	at safira_api_errors__errors_gson.run(safira_api_errors__errors_gson:12)
	at grails.plugin.json.view.JsonViewWritableScript.doWrite(JsonViewWritableScript.groovy:27)
	at grails.views.AbstractWritableScript.writeTo(AbstractWritableScript.groovy:40)
	... 20 more
</failure>
  </testcase>
  <testcase name="Test the delete action with a null instance" classname="br.com.eliteconsult.cadastros.MunicipioControllerSpec" time="0.015"/>
  <testcase name="Test the delete action with an instance" classname="br.com.eliteconsult.cadastros.MunicipioControllerSpec" time="0.014"/>
  <system-out><![CDATA[]]></system-out>
  <system-err><![CDATA[]]></system-err>
</testsuite>
