<?xml version="1.0" encoding="UTF-8"?>
<testsuite name="safira.TesteDoSistemaControllerSpec" tests="1" skipped="0" failures="1" errors="0" timestamp="2019-11-12T03:14:08" hostname="Brunos-MacBook-Pro.local" time="0.096">
  <properties/>
  <testcase name="test something" classname="safira.TesteDoSistemaControllerSpec" time="0.096">
    <failure message="Condition not satisfied:&#10;&#10;true == false&#10;     |&#10;     false&#10;" type="org.spockframework.runtime.SpockComparisonFailure">Condition not satisfied:

true == false
     |
     false

	at safira.TesteDoSistemaControllerSpec.test something(TesteDoSistemaControllerSpec.groovy:16)
</failure>
  </testcase>
  <system-out><![CDATA[]]></system-out>
  <system-err><![CDATA[]]></system-err>
</testsuite>
